<?xml version="1.0" encoding="UTF-8"?>
<testsuite xmlns:xsi="http://www.w3.org/2001/XMLSchema-instance" xsi:noNamespaceSchemaLocation="https://maven.apache.org/surefire/maven-surefire-plugin/xsd/surefire-test-report-3.0.xsd" version="3.0" name="Teste dos métodos da classe PessoaCliente" time="0.009" tests="9" errors="0" skipped="0" failures="9">
  <properties>
    <property name="java.specification.version" value="17"/>
    <property name="sun.jnu.encoding" value="UTF-8"/>
    <property name="java.class.path" value="/home/joao/Documents/trybe/java/java-001-exercicio-caixa-eletronico/target/test-classes:/home/joao/Documents/trybe/java/java-001-exercicio-caixa-eletronico/target/classes:/home/joao/.m2/repository/org/junit/jupiter/junit-jupiter/5.4.2/junit-jupiter-5.4.2.jar:/home/joao/.m2/repository/org/junit/jupiter/junit-jupiter-params/5.4.2/junit-jupiter-params-5.4.2.jar:/home/joao/.m2/repository/org/junit/jupiter/junit-jupiter-api/5.4.2/junit-jupiter-api-5.4.2.jar:/home/joao/.m2/repository/org/apiguardian/apiguardian-api/1.0.0/apiguardian-api-1.0.0.jar:/home/joao/.m2/repository/org/opentest4j/opentest4j/1.1.1/opentest4j-1.1.1.jar:/home/joao/.m2/repository/org/junit/platform/junit-platform-commons/1.4.2/junit-platform-commons-1.4.2.jar:/home/joao/.m2/repository/org/junit/jupiter/junit-jupiter-engine/5.4.2/junit-jupiter-engine-5.4.2.jar:/home/joao/.m2/repository/org/junit/platform/junit-platform-engine/1.4.2/junit-platform-engine-1.4.2.jar:"/>
    <property name="java.vm.vendor" value="Private Build"/>
    <property name="sun.arch.data.model" value="64"/>
    <property name="java.vendor.url" value="Unknown"/>
    <property name="user.country.format" value="BR"/>
    <property name="os.name" value="Linux"/>
    <property name="java.vm.specification.version" value="17"/>
    <property name="sun.java.launcher" value="SUN_STANDARD"/>
    <property name="user.country" value="US"/>
    <property name="sun.boot.library.path" value="/usr/lib/jvm/java-17-openjdk-amd64/lib"/>
    <property name="sun.java.command" value="/home/joao/Documents/trybe/java/java-001-exercicio-caixa-eletronico/target/surefire/surefirebooter3802985724165672433.jar /home/joao/Documents/trybe/java/java-001-exercicio-caixa-eletronico/target/surefire 2024-01-23T20-32-38_094-jvmRun1 surefire17149362348850279729tmp surefire_010280821144385788879tmp"/>
    <property name="jdk.debug" value="release"/>
    <property name="surefire.test.class.path" value="/home/joao/Documents/trybe/java/java-001-exercicio-caixa-eletronico/target/test-classes:/home/joao/Documents/trybe/java/java-001-exercicio-caixa-eletronico/target/classes:/home/joao/.m2/repository/org/junit/jupiter/junit-jupiter/5.4.2/junit-jupiter-5.4.2.jar:/home/joao/.m2/repository/org/junit/jupiter/junit-jupiter-params/5.4.2/junit-jupiter-params-5.4.2.jar:/home/joao/.m2/repository/org/junit/jupiter/junit-jupiter-api/5.4.2/junit-jupiter-api-5.4.2.jar:/home/joao/.m2/repository/org/apiguardian/apiguardian-api/1.0.0/apiguardian-api-1.0.0.jar:/home/joao/.m2/repository/org/opentest4j/opentest4j/1.1.1/opentest4j-1.1.1.jar:/home/joao/.m2/repository/org/junit/platform/junit-platform-commons/1.4.2/junit-platform-commons-1.4.2.jar:/home/joao/.m2/repository/org/junit/jupiter/junit-jupiter-engine/5.4.2/junit-jupiter-engine-5.4.2.jar:/home/joao/.m2/repository/org/junit/platform/junit-platform-engine/1.4.2/junit-platform-engine-1.4.2.jar:"/>
    <property name="sun.cpu.endian" value="little"/>
    <property name="user.home" value="/home/joao"/>
    <property name="user.language" value="en"/>
    <property name="java.specification.vendor" value="Oracle Corporation"/>
    <property name="java.version.date" value="2023-10-17"/>
    <property name="java.home" value="/usr/lib/jvm/java-17-openjdk-amd64"/>
    <property name="file.separator" value="/"/>
    <property name="basedir" value="/home/joao/Documents/trybe/java/java-001-exercicio-caixa-eletronico"/>
    <property name="java.vm.compressedOopsMode" value="Zero based"/>
    <property name="line.separator" value="&#10;"/>
    <property name="java.specification.name" value="Java Platform API Specification"/>
    <property name="java.vm.specification.vendor" value="Oracle Corporation"/>
    <property name="surefire.real.class.path" value="/home/joao/Documents/trybe/java/java-001-exercicio-caixa-eletronico/target/surefire/surefirebooter3802985724165672433.jar"/>
    <property name="sun.management.compiler" value="HotSpot 64-Bit Tiered Compilers"/>
    <property name="java.runtime.version" value="17.0.9+9-Ubuntu-122.04"/>
    <property name="user.name" value="joao"/>
    <property name="path.separator" value=":"/>
    <property name="os.version" value="6.5.0-14-generic"/>
    <property name="java.runtime.name" value="OpenJDK Runtime Environment"/>
    <property name="file.encoding" value="UTF-8"/>
    <property name="java.vm.name" value="OpenJDK 64-Bit Server VM"/>
    <property name="localRepository" value="/home/joao/.m2/repository"/>
    <property name="java.vendor.url.bug" value="Unknown"/>
    <property name="java.io.tmpdir" value="/tmp"/>
    <property name="java.version" value="17.0.9"/>
    <property name="user.dir" value="/home/joao/Documents/trybe/java/java-001-exercicio-caixa-eletronico"/>
    <property name="os.arch" value="amd64"/>
    <property name="java.vm.specification.name" value="Java Virtual Machine Specification"/>
    <property name="user.language.format" value="pt"/>
    <property name="native.encoding" value="UTF-8"/>
    <property name="java.library.path" value="/usr/java/packages/lib:/usr/lib/x86_64-linux-gnu/jni:/lib/x86_64-linux-gnu:/usr/lib/x86_64-linux-gnu:/usr/lib/jni:/lib:/usr/lib"/>
    <property name="java.vm.info" value="mixed mode, sharing"/>
    <property name="java.vendor" value="Private Build"/>
    <property name="java.vm.version" value="17.0.9+9-Ubuntu-122.04"/>
    <property name="sun.io.unicode.encoding" value="UnicodeLittle"/>
    <property name="java.class.version" value="61.0"/>
  </properties>
  <testcase name="14 - Testa o método retornar id de uma conta específica da pessoa cliente." classname="Teste dos métodos da classe PessoaCliente" time="0">
    <failure type="org.opentest4j.AssertionFailedError"><![CDATA[org.opentest4j.AssertionFailedError: Não implementado
	at com.trybe.acc.java.caixaeletronico.PessoaClienteTest.retornarIdContaEspecificaTest(PessoaClienteTest.java:35)
]]></failure>
  </testcase>
  <testcase name="13 - Testa o método retornar saldo de uma conta específica da pessoa cliente." classname="Teste dos métodos da classe PessoaCliente" time="0">
    <failure type="org.opentest4j.AssertionFailedError"><![CDATA[org.opentest4j.AssertionFailedError: Não implementado
	at com.trybe.acc.java.caixaeletronico.PessoaClienteTest.retornarSaldoContaEspecificaTest(PessoaClienteTest.java:27)
]]></failure>
  </testcase>
  <testcase name="16 - Testa o método adiciona transação de uma conta específica da pessoa cliente." classname="Teste dos métodos da classe PessoaCliente" time="0">
    <failure type="org.opentest4j.AssertionFailedError"><![CDATA[org.opentest4j.AssertionFailedError: Não implementado
	at com.trybe.acc.java.caixaeletronico.PessoaClienteTest.adicionarTransacaoContaEspecificaTest(PessoaClienteTest.java:49)
]]></failure>
  </testcase>
  <testcase name="17 - Testa o método validar senha." classname="Teste dos métodos da classe PessoaCliente" time="0">
    <failure type="org.opentest4j.AssertionFailedError"><![CDATA[org.opentest4j.AssertionFailedError: Não implementado
	at com.trybe.acc.java.caixaeletronico.PessoaClienteTest.validarSenhaTest(PessoaClienteTest.java:56)
]]></failure>
  </testcase>
  <testcase name="11 - Testa o construtor da classe Pessoa Cliente." classname="Teste dos métodos da classe PessoaCliente" time="0">
    <failure type="org.opentest4j.AssertionFailedError"><![CDATA[org.opentest4j.AssertionFailedError: Não implementado
	at com.trybe.acc.java.caixaeletronico.PessoaClienteTest.construtorTest(PessoaClienteTest.java:13)
]]></failure>
  </testcase>
  <testcase name="12 - Testa o método adicionar conta e o método retornar número de contas." classname="Teste dos métodos da classe PessoaCliente" time="0">
    <failure type="org.opentest4j.AssertionFailedError"><![CDATA[org.opentest4j.AssertionFailedError: Não implementado
	at com.trybe.acc.java.caixaeletronico.PessoaClienteTest.adicionarContaTestRetornaNumeroDeContasTest(PessoaClienteTest.java:20)
]]></failure>
  </testcase>
  <testcase name="18 - Testa o método retornar resumo contas." classname="Teste dos métodos da classe PessoaCliente" time="0">
    <failure type="org.opentest4j.AssertionFailedError"><![CDATA[org.opentest4j.AssertionFailedError: Não implementado
	at com.trybe.acc.java.caixaeletronico.PessoaClienteTest.retornarResumoContasTest(PessoaClienteTest.java:63)
]]></failure>
  </testcase>
  <testcase name="15 - Testa o método retornar o extrato de uma conta específica da pessoa cliente." classname="Teste dos métodos da classe PessoaCliente" time="0.001">
    <failure type="org.opentest4j.AssertionFailedError"><![CDATA[org.opentest4j.AssertionFailedError: Não implementado
	at com.trybe.acc.java.caixaeletronico.PessoaClienteTest.retornarExtratoContaEspecificaTest(PessoaClienteTest.java:42)
]]></failure>
  </testcase>
  <testcase name="19 - Testa o método Getter do atributo cpf está retornando." classname="Teste dos métodos da classe PessoaCliente" time="0">
    <failure type="org.opentest4j.AssertionFailedError"><![CDATA[org.opentest4j.AssertionFailedError: Não implementado
	at com.trybe.acc.java.caixaeletronico.PessoaClienteTest.getCpfTest(PessoaClienteTest.java:71)
]]></failure>
  </testcase>
</testsuite>